running egg_info
creating ../../build/lrauv_perception/lrauv_perception.egg-info
writing ../../build/lrauv_perception/lrauv_perception.egg-info/PKG-INFO
writing dependency_links to ../../build/lrauv_perception/lrauv_perception.egg-info/dependency_links.txt
writing entry points to ../../build/lrauv_perception/lrauv_perception.egg-info/entry_points.txt
writing requirements to ../../build/lrauv_perception/lrauv_perception.egg-info/requires.txt
writing top-level names to ../../build/lrauv_perception/lrauv_perception.egg-info/top_level.txt
writing manifest file '../../build/lrauv_perception/lrauv_perception.egg-info/SOURCES.txt'
reading manifest file '../../build/lrauv_perception/lrauv_perception.egg-info/SOURCES.txt'
adding license file 'LICENSE'
writing manifest file '../../build/lrauv_perception/lrauv_perception.egg-info/SOURCES.txt'
running build
running build_py
creating /home/vampweeknd/lrauv_gazebo_ws/build/lrauv_perception/build
creating /home/vampweeknd/lrauv_gazebo_ws/build/lrauv_perception/build/lib
creating /home/vampweeknd/lrauv_gazebo_ws/build/lrauv_perception/build/lib/lrauv_perception
copying lrauv_perception/__init__.py -> /home/vampweeknd/lrauv_gazebo_ws/build/lrauv_perception/build/lib/lrauv_perception
copying lrauv_perception/camera_subscriber.py -> /home/vampweeknd/lrauv_gazebo_ws/build/lrauv_perception/build/lib/lrauv_perception
running install
running install_lib
creating /home/vampweeknd/lrauv_gazebo_ws/install/lrauv_perception/lib/python3.10/site-packages/lrauv_perception
copying /home/vampweeknd/lrauv_gazebo_ws/build/lrauv_perception/build/lib/lrauv_perception/__init__.py -> /home/vampweeknd/lrauv_gazebo_ws/install/lrauv_perception/lib/python3.10/site-packages/lrauv_perception
copying /home/vampweeknd/lrauv_gazebo_ws/build/lrauv_perception/build/lib/lrauv_perception/camera_subscriber.py -> /home/vampweeknd/lrauv_gazebo_ws/install/lrauv_perception/lib/python3.10/site-packages/lrauv_perception
byte-compiling /home/vampweeknd/lrauv_gazebo_ws/install/lrauv_perception/lib/python3.10/site-packages/lrauv_perception/__init__.py to __init__.cpython-310.pyc
byte-compiling /home/vampweeknd/lrauv_gazebo_ws/install/lrauv_perception/lib/python3.10/site-packages/lrauv_perception/camera_subscriber.py to camera_subscriber.cpython-310.pyc
running install_data
creating /home/vampweeknd/lrauv_gazebo_ws/install/lrauv_perception/share/ament_index
creating /home/vampweeknd/lrauv_gazebo_ws/install/lrauv_perception/share/ament_index/resource_index
creating /home/vampweeknd/lrauv_gazebo_ws/install/lrauv_perception/share/ament_index/resource_index/packages
copying resource/lrauv_perception -> /home/vampweeknd/lrauv_gazebo_ws/install/lrauv_perception/share/ament_index/resource_index/packages
copying package.xml -> /home/vampweeknd/lrauv_gazebo_ws/install/lrauv_perception/share/lrauv_perception
running install_egg_info
Copying ../../build/lrauv_perception/lrauv_perception.egg-info to /home/vampweeknd/lrauv_gazebo_ws/install/lrauv_perception/lib/python3.10/site-packages/lrauv_perception-0.0.0-py3.10.egg-info
running install_scripts
Installing listener script to /home/vampweeknd/lrauv_gazebo_ws/install/lrauv_perception/lib/lrauv_perception
writing list of installed files to '/home/vampweeknd/lrauv_gazebo_ws/build/lrauv_perception/install.log'
