[2.676s] Invoking command in '/home/vampweeknd/lrauv_gazebo_ws/src/lrauv_perception': PYTHONPATH=/home/vampweeknd/lrauv_gazebo_ws/build/lrauv_perception/prefix_override:/usr/lib/python3/dist-packages/colcon_core/task/python/colcon_distutils_commands:/home/vampweeknd/lrauv_gazebo_ws/install/lrauv_perception/lib/python3.10/site-packages:${PYTHONPATH} /usr/bin/python3 -W ignore:setup.py install is deprecated setup.py egg_info --egg-base ../../build/lrauv_perception build --build-base /home/vampweeknd/lrauv_gazebo_ws/build/lrauv_perception/build install --record /home/vampweeknd/lrauv_gazebo_ws/build/lrauv_perception/install.log --single-version-externally-managed install_data
[3.207s] running egg_info
[3.208s] creating ../../build/lrauv_perception/lrauv_perception.egg-info
[3.210s] writing ../../build/lrauv_perception/lrauv_perception.egg-info/PKG-INFO
[3.211s] writing dependency_links to ../../build/lrauv_perception/lrauv_perception.egg-info/dependency_links.txt
[3.211s] writing entry points to ../../build/lrauv_perception/lrauv_perception.egg-info/entry_points.txt
[3.211s] writing requirements to ../../build/lrauv_perception/lrauv_perception.egg-info/requires.txt
[3.211s] writing top-level names to ../../build/lrauv_perception/lrauv_perception.egg-info/top_level.txt
[3.211s] writing manifest file '../../build/lrauv_perception/lrauv_perception.egg-info/SOURCES.txt'
[3.213s] reading manifest file '../../build/lrauv_perception/lrauv_perception.egg-info/SOURCES.txt'
[3.213s] adding license file 'LICENSE'
[3.214s] writing manifest file '../../build/lrauv_perception/lrauv_perception.egg-info/SOURCES.txt'
[3.214s] running build
[3.214s] running build_py
[3.215s] creating /home/vampweeknd/lrauv_gazebo_ws/build/lrauv_perception/build
[3.215s] creating /home/vampweeknd/lrauv_gazebo_ws/build/lrauv_perception/build/lib
[3.215s] creating /home/vampweeknd/lrauv_gazebo_ws/build/lrauv_perception/build/lib/lrauv_perception
[3.215s] copying lrauv_perception/__init__.py -> /home/vampweeknd/lrauv_gazebo_ws/build/lrauv_perception/build/lib/lrauv_perception
[3.215s] copying lrauv_perception/camera_subscriber.py -> /home/vampweeknd/lrauv_gazebo_ws/build/lrauv_perception/build/lib/lrauv_perception
[3.215s] running install
[3.216s] running install_lib
[3.217s] creating /home/vampweeknd/lrauv_gazebo_ws/install/lrauv_perception/lib/python3.10/site-packages/lrauv_perception
[3.217s] copying /home/vampweeknd/lrauv_gazebo_ws/build/lrauv_perception/build/lib/lrauv_perception/__init__.py -> /home/vampweeknd/lrauv_gazebo_ws/install/lrauv_perception/lib/python3.10/site-packages/lrauv_perception
[3.218s] copying /home/vampweeknd/lrauv_gazebo_ws/build/lrauv_perception/build/lib/lrauv_perception/camera_subscriber.py -> /home/vampweeknd/lrauv_gazebo_ws/install/lrauv_perception/lib/python3.10/site-packages/lrauv_perception
[3.218s] byte-compiling /home/vampweeknd/lrauv_gazebo_ws/install/lrauv_perception/lib/python3.10/site-packages/lrauv_perception/__init__.py to __init__.cpython-310.pyc
[3.219s] byte-compiling /home/vampweeknd/lrauv_gazebo_ws/install/lrauv_perception/lib/python3.10/site-packages/lrauv_perception/camera_subscriber.py to camera_subscriber.cpython-310.pyc
[3.220s] running install_data
[3.220s] creating /home/vampweeknd/lrauv_gazebo_ws/install/lrauv_perception/share/ament_index
[3.220s] creating /home/vampweeknd/lrauv_gazebo_ws/install/lrauv_perception/share/ament_index/resource_index
[3.220s] creating /home/vampweeknd/lrauv_gazebo_ws/install/lrauv_perception/share/ament_index/resource_index/packages
[3.221s] copying resource/lrauv_perception -> /home/vampweeknd/lrauv_gazebo_ws/install/lrauv_perception/share/ament_index/resource_index/packages
[3.221s] copying package.xml -> /home/vampweeknd/lrauv_gazebo_ws/install/lrauv_perception/share/lrauv_perception
[3.221s] running install_egg_info
[3.224s] Copying ../../build/lrauv_perception/lrauv_perception.egg-info to /home/vampweeknd/lrauv_gazebo_ws/install/lrauv_perception/lib/python3.10/site-packages/lrauv_perception-0.0.0-py3.10.egg-info
[3.225s] running install_scripts
[3.259s] Installing listener script to /home/vampweeknd/lrauv_gazebo_ws/install/lrauv_perception/lib/lrauv_perception
[3.260s] writing list of installed files to '/home/vampweeknd/lrauv_gazebo_ws/build/lrauv_perception/install.log'
[3.313s] Invoked command in '/home/vampweeknd/lrauv_gazebo_ws/src/lrauv_perception' returned '0': PYTHONPATH=/home/vampweeknd/lrauv_gazebo_ws/build/lrauv_perception/prefix_override:/usr/lib/python3/dist-packages/colcon_core/task/python/colcon_distutils_commands:/home/vampweeknd/lrauv_gazebo_ws/install/lrauv_perception/lib/python3.10/site-packages:${PYTHONPATH} /usr/bin/python3 -W ignore:setup.py install is deprecated setup.py egg_info --egg-base ../../build/lrauv_perception build --build-base /home/vampweeknd/lrauv_gazebo_ws/build/lrauv_perception/build install --record /home/vampweeknd/lrauv_gazebo_ws/build/lrauv_perception/install.log --single-version-externally-managed install_data
