[0.687s] DEBUG:colcon:Command line arguments: ['/usr/bin/colcon', 'build']
[0.687s] DEBUG:colcon:Parsed command line arguments: Namespace(log_base=None, log_level=None, verb_name='build', build_base='build', install_base='install', merge_install=False, symlink_install=False, test_result_base=None, continue_on_error=False, executor='parallel', parallel_workers=4, event_handlers=None, ignore_user_meta=False, metas=['./colcon.meta'], base_paths=['.'], packages_ignore=None, packages_ignore_regex=None, paths=None, packages_up_to=None, packages_up_to_regex=None, packages_above=None, packages_above_and_dependencies=None, packages_above_depth=None, packages_select_by_dep=None, packages_skip_by_dep=None, packages_skip_up_to=None, packages_select_build_failed=False, packages_skip_build_finished=False, packages_select_test_failures=False, packages_skip_test_passed=False, packages_select=None, packages_skip=None, packages_select_regex=None, packages_skip_regex=None, packages_start=None, packages_end=None, allow_overriding=[], cmake_args=None, cmake_target=None, cmake_target_skip_unavailable=False, cmake_clean_cache=False, cmake_clean_first=False, cmake_force_configure=False, ament_cmake_args=None, catkin_cmake_args=None, catkin_skip_building_tests=False, mixin_files=None, mixin=None, verb_parser=<colcon_mixin.mixin.mixin_argument.MixinArgumentDecorator object at 0x7ff7e59a5de0>, verb_extension=<colcon_core.verb.build.BuildVerb object at 0x7ff7e59a53c0>, main=<bound method BuildVerb.main of <colcon_core.verb.build.BuildVerb object at 0x7ff7e59a53c0>>, mixin_verb=('build',))
[1.743s] Level 1:colcon.colcon_core.package_discovery:discover_packages(colcon_meta) check parameters
[1.744s] Level 1:colcon.colcon_core.package_discovery:discover_packages(recursive) check parameters
[1.744s] Level 1:colcon.colcon_core.package_discovery:discover_packages(ignore) check parameters
[1.744s] Level 1:colcon.colcon_core.package_discovery:discover_packages(path) check parameters
[1.744s] Level 1:colcon.colcon_core.package_discovery:discover_packages(colcon_meta) discover
[1.744s] Level 1:colcon.colcon_core.package_discovery:discover_packages(recursive) discover
[1.744s] INFO:colcon.colcon_core.package_discovery:Crawling recursively for packages in '/home/vampweeknd/lrauv_gazebo_ws'
[1.745s] Level 1:colcon.colcon_core.package_identification:_identify(.) by extensions ['ignore', 'ignore_ament_install']
[1.745s] Level 1:colcon.colcon_core.package_identification:_identify(.) by extension 'ignore'
[1.746s] Level 1:colcon.colcon_core.package_identification:_identify(.) by extension 'ignore_ament_install'
[1.746s] Level 1:colcon.colcon_core.package_identification:_identify(.) by extensions ['colcon_pkg']
[1.746s] Level 1:colcon.colcon_core.package_identification:_identify(.) by extension 'colcon_pkg'
[1.746s] Level 1:colcon.colcon_core.package_identification:_identify(.) by extensions ['colcon_meta']
[1.746s] Level 1:colcon.colcon_core.package_identification:_identify(.) by extension 'colcon_meta'
[1.746s] Level 1:colcon.colcon_core.package_identification:_identify(.) by extensions ['ros']
[1.747s] Level 1:colcon.colcon_core.package_identification:_identify(.) by extension 'ros'
[1.774s] Level 1:colcon.colcon_core.package_identification:_identify(.) by extensions ['cmake', 'python']
[1.774s] Level 1:colcon.colcon_core.package_identification:_identify(.) by extension 'cmake'
[1.774s] Level 1:colcon.colcon_core.package_identification:_identify(.) by extension 'python'
[1.774s] Level 1:colcon.colcon_core.package_identification:_identify(.) by extensions ['python_setup_py']
[1.774s] Level 1:colcon.colcon_core.package_identification:_identify(.) by extension 'python_setup_py'
[1.775s] Level 1:colcon.colcon_core.package_identification:_identify(build) by extensions ['ignore', 'ignore_ament_install']
[1.775s] Level 1:colcon.colcon_core.package_identification:_identify(build) by extension 'ignore'
[1.775s] Level 1:colcon.colcon_core.package_identification:_identify(build) ignored
[1.775s] Level 1:colcon.colcon_core.package_identification:_identify(install) by extensions ['ignore', 'ignore_ament_install']
[1.775s] Level 1:colcon.colcon_core.package_identification:_identify(install) by extension 'ignore'
[1.776s] Level 1:colcon.colcon_core.package_identification:_identify(install) ignored
[1.776s] Level 1:colcon.colcon_core.package_identification:_identify(log) by extensions ['ignore', 'ignore_ament_install']
[1.776s] Level 1:colcon.colcon_core.package_identification:_identify(log) by extension 'ignore'
[1.776s] Level 1:colcon.colcon_core.package_identification:_identify(log) ignored
[1.776s] Level 1:colcon.colcon_core.package_identification:_identify(src) by extensions ['ignore', 'ignore_ament_install']
[1.776s] Level 1:colcon.colcon_core.package_identification:_identify(src) by extension 'ignore'
[1.776s] Level 1:colcon.colcon_core.package_identification:_identify(src) by extension 'ignore_ament_install'
[1.777s] Level 1:colcon.colcon_core.package_identification:_identify(src) by extensions ['colcon_pkg']
[1.777s] Level 1:colcon.colcon_core.package_identification:_identify(src) by extension 'colcon_pkg'
[1.777s] Level 1:colcon.colcon_core.package_identification:_identify(src) by extensions ['colcon_meta']
[1.777s] Level 1:colcon.colcon_core.package_identification:_identify(src) by extension 'colcon_meta'
[1.777s] Level 1:colcon.colcon_core.package_identification:_identify(src) by extensions ['ros']
[1.777s] Level 1:colcon.colcon_core.package_identification:_identify(src) by extension 'ros'
[1.777s] Level 1:colcon.colcon_core.package_identification:_identify(src) by extensions ['cmake', 'python']
[1.777s] Level 1:colcon.colcon_core.package_identification:_identify(src) by extension 'cmake'
[1.778s] Level 1:colcon.colcon_core.package_identification:_identify(src) by extension 'python'
[1.778s] Level 1:colcon.colcon_core.package_identification:_identify(src) by extensions ['python_setup_py']
[1.778s] Level 1:colcon.colcon_core.package_identification:_identify(src) by extension 'python_setup_py'
[1.778s] Level 1:colcon.colcon_core.package_identification:_identify(src/lrauv_perception) by extensions ['ignore', 'ignore_ament_install']
[1.778s] Level 1:colcon.colcon_core.package_identification:_identify(src/lrauv_perception) by extension 'ignore'
[1.778s] Level 1:colcon.colcon_core.package_identification:_identify(src/lrauv_perception) by extension 'ignore_ament_install'
[1.778s] Level 1:colcon.colcon_core.package_identification:_identify(src/lrauv_perception) by extensions ['colcon_pkg']
[1.779s] Level 1:colcon.colcon_core.package_identification:_identify(src/lrauv_perception) by extension 'colcon_pkg'
[1.779s] Level 1:colcon.colcon_core.package_identification:_identify(src/lrauv_perception) by extensions ['colcon_meta']
[1.779s] Level 1:colcon.colcon_core.package_identification:_identify(src/lrauv_perception) by extension 'colcon_meta'
[1.779s] Level 1:colcon.colcon_core.package_identification:_identify(src/lrauv_perception) by extensions ['ros']
[1.779s] Level 1:colcon.colcon_core.package_identification:_identify(src/lrauv_perception) by extension 'ros'
[1.784s] DEBUG:colcon.colcon_core.package_identification:Package 'src/lrauv_perception' with type 'ros.ament_python' and name 'lrauv_perception'
[1.784s] Level 1:colcon.colcon_core.package_discovery:discover_packages(recursive) using defaults
[1.784s] Level 1:colcon.colcon_core.package_discovery:discover_packages(ignore) discover
[1.784s] Level 1:colcon.colcon_core.package_discovery:discover_packages(ignore) using defaults
[1.784s] Level 1:colcon.colcon_core.package_discovery:discover_packages(path) discover
[1.784s] Level 1:colcon.colcon_core.package_discovery:discover_packages(path) using defaults
[2.007s] Level 1:colcon.colcon_core.package_discovery:discover_packages(prefix_path) check parameters
[2.007s] Level 1:colcon.colcon_core.package_discovery:discover_packages(prefix_path) discover
[2.207s] DEBUG:colcon.colcon_installed_package_information.package_discovery:Found 3 installed packages in /home/vampweeknd/Desktop/sih_ws/install
[2.219s] DEBUG:colcon.colcon_installed_package_information.package_discovery:Found 3 installed packages in /home/vampweeknd/Desktop/auv_ros2_ws/install
[2.226s] DEBUG:colcon.colcon_installed_package_information.package_discovery:Found 373 installed packages in /opt/ros/humble
[2.234s] Level 1:colcon.colcon_core.package_discovery:discover_packages(prefix_path) using defaults
[4.352s] Level 5:colcon.colcon_core.verb:set package 'lrauv_perception' build argument 'cmake_args' from command line to 'None'
[4.352s] Level 5:colcon.colcon_core.verb:set package 'lrauv_perception' build argument 'cmake_target' from command line to 'None'
[4.354s] Level 5:colcon.colcon_core.verb:set package 'lrauv_perception' build argument 'cmake_target_skip_unavailable' from command line to 'False'
[4.354s] Level 5:colcon.colcon_core.verb:set package 'lrauv_perception' build argument 'cmake_clean_cache' from command line to 'False'
[4.354s] Level 5:colcon.colcon_core.verb:set package 'lrauv_perception' build argument 'cmake_clean_first' from command line to 'False'
[4.354s] Level 5:colcon.colcon_core.verb:set package 'lrauv_perception' build argument 'cmake_force_configure' from command line to 'False'
[4.354s] Level 5:colcon.colcon_core.verb:set package 'lrauv_perception' build argument 'ament_cmake_args' from command line to 'None'
[4.354s] Level 5:colcon.colcon_core.verb:set package 'lrauv_perception' build argument 'catkin_cmake_args' from command line to 'None'
[4.354s] Level 5:colcon.colcon_core.verb:set package 'lrauv_perception' build argument 'catkin_skip_building_tests' from command line to 'False'
[4.354s] DEBUG:colcon.colcon_core.verb:Building package 'lrauv_perception' with the following arguments: {'ament_cmake_args': None, 'build_base': '/home/vampweeknd/lrauv_gazebo_ws/build/lrauv_perception', 'catkin_cmake_args': None, 'catkin_skip_building_tests': False, 'cmake_args': None, 'cmake_clean_cache': False, 'cmake_clean_first': False, 'cmake_force_configure': False, 'cmake_target': None, 'cmake_target_skip_unavailable': False, 'install_base': '/home/vampweeknd/lrauv_gazebo_ws/install/lrauv_perception', 'merge_install': False, 'path': '/home/vampweeknd/lrauv_gazebo_ws/src/lrauv_perception', 'symlink_install': False, 'test_result_base': None}
[4.355s] INFO:colcon.colcon_core.executor:Executing jobs using 'parallel' executor
[4.356s] DEBUG:colcon.colcon_parallel_executor.executor.parallel:run_until_complete
[4.357s] INFO:colcon.colcon_ros.task.ament_python.build:Building ROS package in '/home/vampweeknd/lrauv_gazebo_ws/src/lrauv_perception' with build type 'ament_python'
[4.357s] Level 1:colcon.colcon_core.shell:create_environment_hook('lrauv_perception', 'ament_prefix_path')
[4.456s] INFO:colcon.colcon_core.plugin_system:Skipping extension 'colcon_core.shell.bat': Not used on non-Windows systems
[4.456s] INFO:colcon.colcon_core.shell:Creating environment hook '/home/vampweeknd/lrauv_gazebo_ws/install/lrauv_perception/share/lrauv_perception/hook/ament_prefix_path.ps1'
[4.472s] INFO:colcon.colcon_core.shell:Creating environment descriptor '/home/vampweeknd/lrauv_gazebo_ws/install/lrauv_perception/share/lrauv_perception/hook/ament_prefix_path.dsv'
[4.491s] INFO:colcon.colcon_core.shell:Creating environment hook '/home/vampweeknd/lrauv_gazebo_ws/install/lrauv_perception/share/lrauv_perception/hook/ament_prefix_path.sh'
[4.494s] INFO:colcon.colcon_core.shell:Skip shell extension 'powershell' for command environment: Not usable outside of PowerShell
[4.494s] DEBUG:colcon.colcon_core.shell:Skip shell extension 'dsv' for command environment
[5.130s] INFO:colcon.colcon_core.task.python.build:Building Python package in '/home/vampweeknd/lrauv_gazebo_ws/src/lrauv_perception'
[5.131s] INFO:colcon.colcon_core.shell:Skip shell extension 'powershell' for command environment: Not usable outside of PowerShell
[5.131s] DEBUG:colcon.colcon_core.shell:Skip shell extension 'dsv' for command environment
[7.034s] DEBUG:colcon.colcon_core.event_handler.log_command:Invoking command in '/home/vampweeknd/lrauv_gazebo_ws/src/lrauv_perception': PYTHONPATH=/home/vampweeknd/lrauv_gazebo_ws/build/lrauv_perception/prefix_override:/usr/lib/python3/dist-packages/colcon_core/task/python/colcon_distutils_commands:/home/vampweeknd/lrauv_gazebo_ws/install/lrauv_perception/lib/python3.10/site-packages:${PYTHONPATH} /usr/bin/python3 -W ignore:setup.py install is deprecated setup.py egg_info --egg-base ../../build/lrauv_perception build --build-base /home/vampweeknd/lrauv_gazebo_ws/build/lrauv_perception/build install --record /home/vampweeknd/lrauv_gazebo_ws/build/lrauv_perception/install.log --single-version-externally-managed install_data
[7.671s] DEBUG:colcon.colcon_core.event_handler.log_command:Invoked command in '/home/vampweeknd/lrauv_gazebo_ws/src/lrauv_perception' returned '0': PYTHONPATH=/home/vampweeknd/lrauv_gazebo_ws/build/lrauv_perception/prefix_override:/usr/lib/python3/dist-packages/colcon_core/task/python/colcon_distutils_commands:/home/vampweeknd/lrauv_gazebo_ws/install/lrauv_perception/lib/python3.10/site-packages:${PYTHONPATH} /usr/bin/python3 -W ignore:setup.py install is deprecated setup.py egg_info --egg-base ../../build/lrauv_perception build --build-base /home/vampweeknd/lrauv_gazebo_ws/build/lrauv_perception/build install --record /home/vampweeknd/lrauv_gazebo_ws/build/lrauv_perception/install.log --single-version-externally-managed install_data
[7.728s] Level 1:colcon.colcon_core.environment:checking '/home/vampweeknd/lrauv_gazebo_ws/install/lrauv_perception' for CMake module files
[7.729s] Level 1:colcon.colcon_core.environment:checking '/home/vampweeknd/lrauv_gazebo_ws/install/lrauv_perception' for CMake config files
[7.730s] Level 1:colcon.colcon_core.environment:checking '/home/vampweeknd/lrauv_gazebo_ws/install/lrauv_perception/lib'
[7.730s] Level 1:colcon.colcon_core.environment:checking '/home/vampweeknd/lrauv_gazebo_ws/install/lrauv_perception/bin'
[7.730s] Level 1:colcon.colcon_core.environment:checking '/home/vampweeknd/lrauv_gazebo_ws/install/lrauv_perception/lib/pkgconfig/lrauv_perception.pc'
[7.731s] Level 1:colcon.colcon_core.environment:checking '/home/vampweeknd/lrauv_gazebo_ws/install/lrauv_perception/lib/python3.10/site-packages'
[7.731s] Level 1:colcon.colcon_core.shell:create_environment_hook('lrauv_perception', 'pythonpath')
[7.731s] INFO:colcon.colcon_core.shell:Creating environment hook '/home/vampweeknd/lrauv_gazebo_ws/install/lrauv_perception/share/lrauv_perception/hook/pythonpath.ps1'
[7.732s] INFO:colcon.colcon_core.shell:Creating environment descriptor '/home/vampweeknd/lrauv_gazebo_ws/install/lrauv_perception/share/lrauv_perception/hook/pythonpath.dsv'
[7.732s] INFO:colcon.colcon_core.shell:Creating environment hook '/home/vampweeknd/lrauv_gazebo_ws/install/lrauv_perception/share/lrauv_perception/hook/pythonpath.sh'
[7.733s] Level 1:colcon.colcon_core.environment:checking '/home/vampweeknd/lrauv_gazebo_ws/install/lrauv_perception/bin'
[7.733s] Level 1:colcon.colcon_core.environment:create_environment_scripts_only(lrauv_perception)
[7.734s] INFO:colcon.colcon_core.shell:Creating package script '/home/vampweeknd/lrauv_gazebo_ws/install/lrauv_perception/share/lrauv_perception/package.ps1'
[7.750s] INFO:colcon.colcon_core.shell:Creating package descriptor '/home/vampweeknd/lrauv_gazebo_ws/install/lrauv_perception/share/lrauv_perception/package.dsv'
[7.770s] INFO:colcon.colcon_core.shell:Creating package script '/home/vampweeknd/lrauv_gazebo_ws/install/lrauv_perception/share/lrauv_perception/package.sh'
[7.774s] INFO:colcon.colcon_core.shell:Creating package script '/home/vampweeknd/lrauv_gazebo_ws/install/lrauv_perception/share/lrauv_perception/package.bash'
[7.791s] INFO:colcon.colcon_core.shell:Creating package script '/home/vampweeknd/lrauv_gazebo_ws/install/lrauv_perception/share/lrauv_perception/package.zsh'
[7.796s] Level 1:colcon.colcon_core.environment:create_file_with_runtime_dependencies(/home/vampweeknd/lrauv_gazebo_ws/install/lrauv_perception/share/colcon-core/packages/lrauv_perception)
[7.797s] DEBUG:colcon.colcon_parallel_executor.executor.parallel:closing loop
[7.797s] DEBUG:colcon.colcon_parallel_executor.executor.parallel:loop closed
[7.798s] DEBUG:colcon.colcon_parallel_executor.executor.parallel:run_until_complete finished with '0'
[7.798s] DEBUG:colcon.colcon_core.event_reactor:joining thread
[7.867s] INFO:colcon.colcon_core.plugin_system:Skipping extension 'colcon_notification.desktop_notification.terminal_notifier': Not used on non-Darwin systems
[7.867s] INFO:colcon.colcon_core.plugin_system:Skipping extension 'colcon_notification.desktop_notification.win32': Not used on non-Windows systems
[7.867s] INFO:colcon.colcon_notification.desktop_notification:Sending desktop notification using 'notify2'
[9.073s] DEBUG:colcon.colcon_core.event_reactor:joined thread
[9.074s] INFO:colcon.colcon_core.shell:Creating prefix script '/home/vampweeknd/lrauv_gazebo_ws/install/local_setup.ps1'
[9.096s] INFO:colcon.colcon_core.shell:Creating prefix util module '/home/vampweeknd/lrauv_gazebo_ws/install/_local_setup_util_ps1.py'
[9.129s] INFO:colcon.colcon_core.shell:Creating prefix chain script '/home/vampweeknd/lrauv_gazebo_ws/install/setup.ps1'
[9.133s] INFO:colcon.colcon_core.shell:Creating prefix script '/home/vampweeknd/lrauv_gazebo_ws/install/local_setup.sh'
[9.136s] INFO:colcon.colcon_core.shell:Creating prefix util module '/home/vampweeknd/lrauv_gazebo_ws/install/_local_setup_util_sh.py'
[9.138s] INFO:colcon.colcon_core.shell:Creating prefix chain script '/home/vampweeknd/lrauv_gazebo_ws/install/setup.sh'
[9.142s] INFO:colcon.colcon_core.shell:Creating prefix script '/home/vampweeknd/lrauv_gazebo_ws/install/local_setup.bash'
[9.158s] INFO:colcon.colcon_core.shell:Creating prefix chain script '/home/vampweeknd/lrauv_gazebo_ws/install/setup.bash'
[9.161s] INFO:colcon.colcon_core.shell:Creating prefix script '/home/vampweeknd/lrauv_gazebo_ws/install/local_setup.zsh'
[9.174s] INFO:colcon.colcon_core.shell:Creating prefix chain script '/home/vampweeknd/lrauv_gazebo_ws/install/setup.zsh'
